SF:lib/utils/angle_utils.dart
DA:13,3
DA:19,3
DA:20,3
DA:21,3
DA:22,3
DA:23,3
DA:24,3
DA:27,3
DA:28,3
DA:29,3
DA:32,6
DA:35,24
DA:38,6
DA:41,3
DA:42,6
DA:48,3
DA:49,3
DA:50,3
DA:51,12
DA:55,3
DA:61,3
DA:65,0
DA:71,0
DA:75,0
DA:81,0
DA:87,3
DA:95,3
DA:98,6
DA:102,1
DA:108,1
DA:110,1
DA:114,3
DA:118,6
LF:33
LH:29
end_of_record
SF:lib/models/exercise_counter.dart
DA:25,2
DA:26,2
DA:43,2
DA:45,10
DA:52,2
DA:53,4
DA:57,2
DA:58,2
DA:59,8
DA:60,2
DA:64,2
DA:65,4
DA:66,4
DA:70,1
DA:71,2
DA:75,3
DA:76,3
DA:77,3
DA:78,3
DA:79,6
DA:86,2
LF:21
LH:21
end_of_record
SF:lib/models/pushup_counter.dart
DA:25,2
DA:28,2
DA:31,2
DA:32,2
DA:33,2
DA:34,2
DA:35,2
DA:36,2
DA:37,2
DA:38,2
DA:41,2
DA:42,2
DA:43,1
DA:44,2
DA:45,2
DA:46,1
DA:49,4
DA:54,2
DA:56,2
DA:57,2
DA:59,1
DA:61,1
DA:63,0
DA:68,2
DA:70,2
DA:72,1
DA:73,1
DA:78,1
DA:79,1
DA:82,1
DA:83,1
DA:85,2
DA:86,1
DA:87,1
DA:88,0
DA:89,0
DA:93,0
DA:94,0
DA:95,0
DA:96,0
DA:100,0
DA:102,0
DA:103,0
DA:104,0
DA:106,0
DA:107,0
DA:111,0
DA:112,0
DA:115,0
DA:116,0
DA:120,0
DA:121,0
DA:122,0
DA:123,0
DA:125,0
DA:126,0
DA:129,0
DA:130,0
DA:133,0
DA:135,0
DA:143,2
DA:145,2
DA:148,2
DA:149,2
DA:150,2
DA:151,2
DA:152,2
DA:153,2
DA:154,2
DA:155,2
DA:156,2
DA:157,2
DA:160,2
DA:165,2
DA:171,2
DA:172,2
DA:175,2
DA:176,2
DA:179,2
DA:184,2
DA:190,2
DA:191,2
DA:196,3
DA:198,3
DA:199,3
DA:200,3
LF:86
LH:59
end_of_record
SF:lib/models/workout.dart
DA:8,1
DA:10,1
DA:12,1
DA:25,0
DA:27,0
DA:29,0
DA:43,1
DA:45,1
DA:47,1
DA:49,1
DA:54,1
DA:56,1
DA:58,1
DA:60,1
DA:88,1
DA:102,1
DA:103,2
DA:104,3
DA:108,1
DA:109,3
DA:110,1
DA:111,2
DA:114,1
DA:115,1
DA:116,1
DA:117,2
DA:118,2
DA:119,2
DA:120,1
DA:121,1
DA:122,1
DA:123,1
DA:124,2
DA:125,1
DA:129,1
DA:130,1
DA:131,1
DA:132,2
DA:133,2
DA:134,2
DA:135,1
DA:136,1
DA:137,1
DA:138,1
DA:139,2
DA:140,2
LF:46
LH:43
end_of_record
SF:lib/providers/workout_manager.dart
DA:40,2
DA:41,2
DA:42,2
DA:43,2
DA:44,2
DA:45,2
DA:46,0
DA:47,2
DA:48,3
DA:49,3
DA:50,0
DA:51,2
DA:52,0
DA:53,0
DA:54,0
DA:57,1
DA:63,1
DA:64,1
DA:65,1
DA:66,1
DA:69,2
DA:71,1
DA:74,1
DA:75,1
DA:76,1
DA:77,1
DA:78,1
DA:80,1
DA:85,1
DA:86,2
DA:88,1
DA:89,1
DA:90,2
DA:91,1
DA:93,3
DA:94,2
DA:95,1
DA:97,2
DA:98,1
DA:99,1
DA:104,1
DA:105,1
DA:106,2
DA:107,1
DA:109,2
DA:110,2
DA:113,1
DA:116,3
DA:117,2
DA:119,2
DA:121,2
DA:122,4
DA:123,2
DA:124,1
DA:129,1
DA:134,1
DA:135,2
DA:136,1
DA:137,1
DA:141,1
DA:142,2
DA:143,1
DA:144,1
DA:148,1
DA:149,2
DA:150,2
DA:151,1
DA:152,1
DA:155,1
DA:156,2
DA:157,1
DA:158,2
DA:159,1
DA:163,0
DA:164,0
DA:166,0
DA:168,0
DA:171,0
DA:172,0
DA:174,0
DA:177,0
DA:180,0
DA:181,0
DA:182,0
DA:184,0
DA:185,0
DA:191,0
DA:192,0
DA:194,0
DA:198,1
DA:199,1
DA:201,1
DA:202,1
DA:203,1
DA:204,1
DA:205,3
DA:206,1
DA:207,1
DA:208,1
DA:209,1
DA:210,2
DA:211,0
DA:216,1
DA:217,2
DA:218,2
DA:219,1
DA:220,1
DA:221,1
DA:222,1
DA:223,1
DA:224,2
DA:225,1
DA:228,1
DA:230,2
DA:231,2
DA:232,1
LF:116
LH:94
end_of_record
SF:lib/services/pose_detection_service.dart
DA:16,0
DA:17,0
DA:18,0
DA:26,0
DA:27,0
DA:28,0
DA:32,0
DA:33,0
DA:36,0
DA:39,0
DA:41,0
DA:44,0
DA:46,0
DA:51,0
DA:53,0
DA:57,0
DA:59,0
DA:66,0
DA:69,0
DA:77,0
DA:81,0
DA:87,0
DA:91,0
DA:96,0
DA:103,0
DA:107,0
DA:108,0
DA:109,0
DA:117,0
DA:122,0
DA:130,0
DA:131,0
DA:132,0
DA:133,0
DA:134,0
DA:137,0
DA:138,0
DA:141,0
DA:146,0
DA:151,0
DA:152,0
DA:160,0
DA:161,0
DA:162,0
DA:176,0
DA:178,0
DA:180,0
DA:182,0
DA:184,0
DA:186,0
LF:50
LH:0
end_of_record
SF:lib/screens/selection_screen.dart
DA:8,1
DA:10,1
DA:11,1
DA:20,1
DA:22,1
DA:23,1
DA:27,1
DA:28,1
DA:30,1
DA:32,1
DA:33,1
DA:35,1
DA:37,2
DA:38,0
DA:40,0
DA:43,1
DA:44,1
DA:45,1
DA:46,1
DA:47,3
DA:48,3
DA:52,1
DA:55,1
DA:56,1
DA:64,1
DA:65,1
DA:67,5
DA:73,1
DA:74,1
DA:75,2
DA:76,1
DA:78,2
DA:79,2
DA:83,1
DA:84,1
DA:85,0
DA:86,0
DA:87,0
DA:93,0
DA:94,0
DA:95,0
DA:96,0
DA:98,0
DA:100,0
DA:101,0
DA:102,0
DA:103,0
DA:104,0
DA:110,1
DA:111,1
DA:112,2
DA:113,1
DA:114,2
DA:115,2
DA:117,1
DA:118,1
DA:119,2
DA:120,1
DA:122,2
DA:123,1
DA:124,2
DA:125,1
DA:130,1
DA:134,1
DA:135,2
DA:136,2
DA:138,1
DA:139,1
DA:140,1
DA:143,2
DA:144,2
DA:145,2
DA:146,1
DA:147,1
DA:149,0
DA:151,0
DA:152,0
DA:157,1
DA:160,1
DA:161,1
DA:162,1
DA:163,2
DA:164,0
DA:168,1
DA:169,1
DA:170,4
DA:172,4
DA:175,1
DA:176,0
DA:185,1
DA:186,1
DA:187,1
DA:190,1
DA:197,0
DA:199,0
DA:200,0
DA:201,0
DA:202,0
DA:203,0
DA:204,0
DA:208,0
DA:209,0
DA:210,0
LF:103
LH:73
end_of_record
SF:lib/screens/tracking_screen.dart
DA:11,1
DA:13,0
DA:14,0
DA:23,0
DA:25,0
DA:26,0
DA:27,0
DA:30,0
DA:33,0
DA:36,0
DA:39,0
DA:40,0
DA:43,0
DA:44,0
DA:45,0
DA:46,0
DA:48,0
DA:50,0
DA:51,0
DA:57,0
DA:59,0
DA:60,0
DA:64,0
DA:65,0
DA:68,0
DA:69,0
DA:70,0
DA:75,0
DA:77,0
DA:79,0
DA:80,0
DA:82,0
DA:83,0
DA:85,0
DA:86,0
DA:88,0
DA:92,0
DA:94,0
DA:95,0
DA:96,0
DA:97,0
DA:100,0
DA:102,0
DA:104,0
DA:106,0
DA:109,0
DA:111,0
DA:112,0
DA:118,0
DA:119,0
DA:135,0
DA:136,0
DA:137,0
DA:139,0
DA:141,0
DA:144,0
DA:146,0
DA:151,0
DA:152,0
DA:157,0
DA:158,0
DA:167,0
DA:168,0
DA:169,0
DA:171,0
DA:173,0
DA:176,0
DA:179,0
DA:180,0
DA:183,0
DA:184,0
DA:185,0
DA:188,0
DA:189,0
DA:192,0
DA:193,0
DA:194,0
DA:197,0
DA:204,0
DA:205,0
DA:206,0
DA:210,0
DA:213,0
DA:214,0
DA:215,0
DA:219,0
DA:220,0
DA:221,0
DA:222,0
DA:223,0
DA:225,0
DA:230,0
DA:231,0
DA:233,0
DA:234,0
DA:235,0
DA:246,0
DA:247,0
DA:251,0
DA:252,0
DA:254,0
DA:256,0
DA:258,0
DA:260,0
DA:261,0
DA:262,0
DA:263,0
DA:270,0
DA:271,0
DA:282,0
DA:284,0
DA:286,0
DA:288,0
DA:291,0
DA:292,0
DA:294,0
DA:296,0
DA:297,0
DA:298,0
DA:300,0
DA:301,0
DA:311,0
DA:312,0
DA:313,0
DA:314,0
DA:315,0
DA:316,0
DA:317,0
DA:318,0
DA:325,0
DA:326,0
DA:327,0
DA:333,0
DA:334,0
DA:335,0
DA:336,0
DA:337,0
DA:338,0
DA:347,0
DA:348,0
DA:350,0
DA:351,0
DA:353,0
DA:355,0
DA:371,0
DA:372,0
DA:373,0
DA:374,0
DA:375,0
DA:376,0
DA:377,0
DA:378,0
DA:379,0
DA:390,0
DA:391,0
DA:393,0
DA:395,0
DA:396,0
DA:397,0
DA:400,0
DA:413,0
DA:414,0
DA:418,0
DA:420,0
DA:421,0
DA:422,0
DA:424,0
DA:425,0
DA:436,0
DA:437,0
DA:441,0
DA:443,0
DA:445,0
DA:447,0
DA:452,0
DA:453,0
DA:454,0
DA:456,0
DA:457,0
DA:458,0
DA:460,0
DA:463,0
DA:464,0
DA:470,0
DA:471,0
DA:472,0
DA:474,0
DA:483,0
DA:484,0
DA:485,0
DA:486,0
DA:489,0
DA:490,0
DA:492,0
DA:493,0
DA:494,0
DA:495,0
DA:499,0
DA:500,0
DA:501,0
DA:504,0
DA:505,0
DA:506,0
DA:509,0
DA:510,0
DA:511,0
DA:512,0
DA:513,0
LF:208
LH:1
end_of_record
SF:lib/services/camera_service.dart
DA:19,0
DA:22,0
DA:25,0
DA:28,0
DA:31,0
DA:32,0
DA:33,0
DA:37,0
DA:38,0
DA:39,0
DA:42,0
DA:45,0
DA:46,0
DA:50,0
DA:55,0
DA:56,0
DA:60,0
DA:61,0
DA:62,0
DA:65,0
DA:69,0
DA:70,0
DA:71,0
DA:75,0
DA:77,0
DA:78,0
DA:81,0
DA:83,0
DA:86,0
DA:90,0
DA:91,0
DA:93,0
DA:94,0
DA:97,0
DA:98,0
DA:99,0
DA:100,0
DA:105,0
DA:109,0
DA:111,0
DA:112,0
DA:113,0
DA:114,0
DA:117,0
DA:122,0
DA:123,0
DA:124,0
DA:125,0
DA:127,0
DA:131,0
DA:132,0
DA:134,0
DA:135,0
DA:139,0
DA:140,0
DA:141,0
DA:144,0
DA:145,0
DA:146,0
DA:150,0
DA:151,0
DA:152,0
DA:153,0
DA:154,0
LF:64
LH:0
end_of_record
SF:lib/widgets/pose_painter.dart
DA:11,0
DA:18,0
DA:21,0
DA:22,0
DA:23,0
DA:24,0
DA:27,0
DA:28,0
DA:29,0
DA:30,0
DA:33,0
DA:36,0
DA:37,0
DA:39,0
DA:40,0
DA:44,0
DA:46,0
DA:48,0
DA:49,0
DA:50,0
DA:51,0
DA:54,0
DA:55,0
DA:56,0
DA:57,0
DA:60,0
DA:61,0
DA:62,0
DA:63,0
DA:64,0
DA:65,0
DA:68,0
DA:69,0
DA:70,0
DA:71,0
DA:72,0
DA:73,0
DA:76,0
DA:77,0
DA:78,0
DA:79,0
DA:80,0
DA:83,0
DA:84,0
DA:85,0
DA:86,0
DA:87,0
DA:90,0
DA:91,0
DA:92,0
DA:96,0
DA:97,0
DA:101,0
DA:102,0
DA:103,0
DA:109,0
DA:111,0
DA:112,0
DA:115,0
DA:116,0
DA:117,0
DA:118,0
DA:120,0
DA:123,0
DA:125,0
LF:65
LH:0
end_of_record
